{"total": {"lines":{"total":169,"covered":146,"skipped":0,"pct":86.39},"statements":{"total":170,"covered":147,"skipped":0,"pct":86.47},"functions":{"total":11,"covered":10,"skipped":0,"pct":90.9},"branches":{"total":59,"covered":41,"skipped":0,"pct":69.49},"branchesTrue":{"total":0,"covered":0,"skipped":0,"pct":100}}
,"C:\\Users\\user\\Desktop\\AI saas\\server\\configs\\multer.js": {"lines":{"total":2,"covered":2,"skipped":0,"pct":100},"functions":{"total":0,"covered":0,"skipped":0,"pct":100},"statements":{"total":2,"covered":2,"skipped":0,"pct":100},"branches":{"total":0,"covered":0,"skipped":0,"pct":100}}
,"C:\\Users\\user\\Desktop\\AI saas\\server\\controllers\\aiController.js": {"lines":{"total":106,"covered":85,"skipped":0,"pct":80.18},"functions":{"total":6,"covered":5,"skipped":0,"pct":83.33},"statements":{"total":106,"covered":85,"skipped":0,"pct":80.18},"branches":{"total":45,"covered":29,"skipped":0,"pct":64.44}}
,"C:\\Users\\user\\Desktop\\AI saas\\server\\controllers\\userController.js": {"lines":{"total":35,"covered":35,"skipped":0,"pct":100},"functions":{"total":4,"covered":4,"skipped":0,"pct":100},"statements":{"total":36,"covered":36,"skipped":0,"pct":100},"branches":{"total":6,"covered":6,"skipped":0,"pct":100}}
,"C:\\Users\\user\\Desktop\\AI saas\\server\\middleware\\auth.js": {"lines":{"total":15,"covered":13,"skipped":0,"pct":86.66},"functions":{"total":1,"covered":1,"skipped":0,"pct":100},"statements":{"total":15,"covered":13,"skipped":0,"pct":86.66},"branches":{"total":8,"covered":6,"skipped":0,"pct":75}}
,"C:\\Users\\user\\Desktop\\AI saas\\server\\routes\\aiRoutes.js": {"lines":{"total":7,"covered":7,"skipped":0,"pct":100},"functions":{"total":0,"covered":0,"skipped":0,"pct":100},"statements":{"total":7,"covered":7,"skipped":0,"pct":100},"branches":{"total":0,"covered":0,"skipped":0,"pct":100}}
,"C:\\Users\\user\\Desktop\\AI saas\\server\\routes\\userRoutes.js": {"lines":{"total":4,"covered":4,"skipped":0,"pct":100},"functions":{"total":0,"covered":0,"skipped":0,"pct":100},"statements":{"total":4,"covered":4,"skipped":0,"pct":100},"branches":{"total":0,"covered":0,"skipped":0,"pct":100}}
}
