TN:
SF:configs\multer.js
FNF:0
FNH:0
DA:3,1
DA:5,1
LF:2
LH:2
BRF:0
BRH:0
end_of_record
TN:
SF:controllers\aiController.js
FN:16,(anonymous_0)
FN:69,(anonymous_1)
FN:122,(anonymous_2)
FN:173,(anonymous_3)
FN:204,(anonymous_4)
FN:237,(anonymous_5)
FNF:6
FNH:5
FNDA:3,(anonymous_0)
FNDA:0,(anonymous_1)
FNDA:4,(anonymous_2)
FNDA:2,(anonymous_3)
FNDA:4,(anonymous_4)
FNDA:4,(anonymous_5)
DA:14,1
DA:16,1
DA:17,3
DA:18,3
DA:19,3
DA:20,3
DA:21,3
DA:23,3
DA:24,1
DA:30,2
DA:31,0
DA:38,2
DA:50,2
DA:53,2
DA:55,1
DA:56,1
DA:63,1
DA:65,1
DA:66,1
DA:69,1
DA:70,0
DA:71,0
DA:72,0
DA:73,0
DA:74,0
DA:76,0
DA:77,0
DA:83,0
DA:84,0
DA:91,0
DA:103,0
DA:106,0
DA:108,0
DA:109,0
DA:116,0
DA:118,0
DA:119,0
DA:122,1
DA:123,4
DA:124,4
DA:125,4
DA:126,4
DA:128,4
DA:129,1
DA:135,3
DA:136,3
DA:138,3
DA:140,3
DA:141,2
DA:151,2
DA:153,2
DA:156,2
DA:158,1
DA:159,0
DA:161,1
DA:163,1
DA:164,1
DA:169,1
DA:170,1
DA:173,1
DA:174,2
DA:175,2
DA:176,2
DA:177,2
DA:178,2
DA:180,2
DA:181,1
DA:186,1
DA:196,1
DA:198,1
DA:200,0
DA:201,0
DA:204,1
DA:205,4
DA:206,4
DA:207,4
DA:208,4
DA:209,4
DA:210,4
DA:212,4
DA:213,2
DA:219,2
DA:221,2
DA:226,2
DA:229,2
DA:231,1
DA:233,1
DA:234,1
DA:237,1
DA:238,4
DA:239,4
DA:240,4
DA:241,4
DA:243,4
DA:244,1
DA:249,3
DA:250,1
DA:256,2
DA:257,2
DA:259,2
DA:261,2
DA:273,2
DA:276,2
DA:278,1
DA:280,1
DA:281,1
LF:106
LH:85
BRDA:23,0,0,1
BRDA:23,0,1,2
BRDA:23,1,0,3
BRDA:23,1,1,2
BRDA:30,2,0,0
BRDA:30,2,1,2
BRDA:30,3,0,2
BRDA:30,3,1,2
BRDA:55,4,0,1
BRDA:55,4,1,0
BRDA:76,5,0,0
BRDA:76,5,1,0
BRDA:83,6,0,0
BRDA:83,6,1,0
BRDA:83,7,0,0
BRDA:83,7,1,0
BRDA:108,8,0,0
BRDA:108,8,1,0
BRDA:128,9,0,1
BRDA:128,9,1,3
BRDA:140,10,0,2
BRDA:140,10,1,1
BRDA:156,11,0,2
BRDA:156,11,1,0
BRDA:158,12,0,0
BRDA:158,12,1,1
BRDA:158,13,0,1
BRDA:158,13,1,1
BRDA:163,14,0,1
BRDA:163,14,1,0
BRDA:163,15,0,1
BRDA:163,15,1,0
BRDA:163,15,2,0
BRDA:166,16,0,1
BRDA:166,16,1,0
BRDA:180,17,0,1
BRDA:180,17,1,1
BRDA:212,18,0,2
BRDA:212,18,1,2
BRDA:212,19,0,4
BRDA:212,19,1,3
BRDA:243,20,0,1
BRDA:243,20,1,3
BRDA:249,21,0,1
BRDA:249,21,1,2
BRF:45
BRH:29
end_of_record
TN:
SF:controllers\userController.js
FN:3,(anonymous_0)
FN:20,(anonymous_1)
FN:31,(anonymous_2)
FN:49,(anonymous_3)
FNF:4
FNH:4
FNDA:5,(anonymous_0)
FNDA:2,(anonymous_1)
FNDA:4,(anonymous_2)
FNDA:1,(anonymous_3)
DA:3,1
DA:4,5
DA:5,5
DA:6,5
DA:7,1
DA:12,4
DA:14,3
DA:16,1
DA:17,1
DA:20,1
DA:21,2
DA:23,2
DA:25,1
DA:27,1
DA:28,1
DA:31,1
DA:32,4
DA:33,4
DA:34,4
DA:35,4
DA:36,4
DA:38,3
DA:39,1
DA:43,2
DA:44,2
DA:48,2
DA:49,1
DA:50,1
DA:52,1
DA:53,1
DA:56,2
DA:58,2
DA:60,2
DA:62,1
DA:63,1
LF:35
LH:35
BRDA:6,0,0,1
BRDA:6,0,1,4
BRDA:38,1,0,1
BRDA:38,1,1,2
BRDA:48,2,0,1
BRDA:48,2,1,1
BRF:6
BRH:6
end_of_record
TN:
SF:middleware\auth.js
FN:3,(anonymous_0)
FNF:1
FNH:1
FNDA:29,(anonymous_0)
DA:3,1
DA:4,29
DA:5,29
DA:7,28
DA:9,28
DA:11,28
DA:12,0
DA:17,28
DA:18,0
DA:20,28
DA:25,28
DA:28,28
DA:29,28
DA:31,1
DA:32,1
LF:15
LH:13
BRDA:11,0,0,0
BRDA:11,0,1,28
BRDA:17,1,0,0
BRDA:17,1,1,28
BRDA:17,2,0,28
BRDA:17,2,1,27
BRDA:28,3,0,1
BRDA:28,3,1,27
BRF:8
BRH:6
end_of_record
TN:
SF:routes\aiRoutes.js
FNF:0
FNH:0
DA:13,1
DA:15,1
DA:16,1
DA:17,1
DA:18,1
DA:24,1
DA:30,1
LF:7
LH:7
BRF:0
BRH:0
end_of_record
TN:
SF:routes\userRoutes.js
FNF:0
FNH:0
DA:9,1
DA:11,1
DA:12,1
DA:13,1
LF:4
LH:4
BRF:0
BRH:0
end_of_record
