TN:
SF:eslint.config.js
FNF:0
FNH:0
LF:0
LH:0
BRF:0
BRH:0
end_of_record
TN:
SF:server.js
FN:14,(anonymous_0)
FN:25,(anonymous_1)
FN:31,(anonymous_2)
FNF:3
FNH:0
FNDA:0,(anonymous_0)
FNDA:0,(anonymous_1)
FNDA:0,(anonymous_2)
DA:9,0
DA:11,0
DA:12,0
DA:14,0
DA:15,0
DA:17,0
DA:19,0
DA:20,0
DA:21,0
DA:23,0
DA:24,0
DA:25,0
DA:26,0
DA:31,0
LF:14
LH:0
BRDA:12,0,0,0
BRDA:12,0,1,0
BRF:2
BRH:0
end_of_record
TN:
SF:configs\cloudinary.js
FN:5,(anonymous_0)
FNF:1
FNH:0
FNDA:0,(anonymous_0)
DA:3,0
DA:5,0
DA:6,0
LF:3
LH:0
BRF:0
BRH:0
end_of_record
TN:
SF:configs\db.js
FNF:0
FNH:0
DA:3,0
DA:5,0
LF:2
LH:0
BRF:0
BRH:0
end_of_record
TN:
SF:configs\gemini.js
FNF:0
FNH:0
DA:3,0
DA:5,0
LF:2
LH:0
BRF:0
BRH:0
end_of_record
TN:
SF:configs\model.js
FNF:0
FNH:0
DA:3,0
DA:9,0
LF:2
LH:0
BRF:0
BRH:0
end_of_record
TN:
SF:configs\multer.js
FNF:0
FNH:0
DA:3,1
DA:5,1
LF:2
LH:2
BRF:0
BRH:0
end_of_record
TN:
SF:controllers\aiController.js
FN:16,(anonymous_0)
FN:71,(anonymous_1)
FN:126,(anonymous_2)
FN:176,(anonymous_3)
FN:207,(anonymous_4)
FN:242,(anonymous_5)
FNF:6
FNH:5
FNDA:2,(anonymous_0)
FNDA:0,(anonymous_1)
FNDA:3,(anonymous_2)
FNDA:2,(anonymous_3)
FNDA:3,(anonymous_4)
FNDA:3,(anonymous_5)
DA:14,1
DA:16,1
DA:17,2
DA:18,2
DA:19,2
DA:20,2
DA:21,2
DA:23,2
DA:24,1
DA:32,1
DA:33,0
DA:40,1
DA:52,1
DA:55,1
DA:57,1
DA:58,1
DA:65,1
DA:67,0
DA:68,0
DA:71,1
DA:72,0
DA:73,0
DA:74,0
DA:75,0
DA:76,0
DA:78,0
DA:79,0
DA:87,0
DA:88,0
DA:95,0
DA:107,0
DA:110,0
DA:112,0
DA:113,0
DA:120,0
DA:122,0
DA:123,0
DA:126,1
DA:127,3
DA:128,3
DA:129,3
DA:130,3
DA:132,3
DA:133,1
DA:141,2
DA:142,2
DA:144,2
DA:146,2
DA:147,1
DA:157,1
DA:159,1
DA:162,1
DA:164,1
DA:166,1
DA:167,1
DA:172,0
DA:173,0
DA:176,1
DA:177,2
DA:178,2
DA:179,2
DA:180,2
DA:181,2
DA:183,2
DA:184,1
DA:189,1
DA:199,1
DA:201,1
DA:203,0
DA:204,0
DA:207,1
DA:208,3
DA:209,3
DA:210,3
DA:211,3
DA:212,3
DA:213,3
DA:215,3
DA:216,2
DA:224,1
DA:226,1
DA:231,1
DA:234,1
DA:236,1
DA:238,0
DA:239,0
DA:242,1
DA:243,3
DA:244,3
DA:245,3
DA:246,3
DA:248,3
DA:249,1
DA:254,2
DA:255,1
DA:261,1
DA:262,1
DA:264,1
DA:266,1
DA:278,1
DA:281,1
DA:283,1
DA:285,0
DA:286,0
LF:104
LH:76
BRDA:23,0,0,1
BRDA:23,0,1,1
BRDA:23,1,0,2
BRDA:23,1,1,1
BRDA:32,2,0,0
BRDA:32,2,1,1
BRDA:32,3,0,1
BRDA:32,3,1,1
BRDA:57,4,0,1
BRDA:57,4,1,0
BRDA:78,5,0,0
BRDA:78,5,1,0
BRDA:87,6,0,0
BRDA:87,6,1,0
BRDA:87,7,0,0
BRDA:87,7,1,0
BRDA:112,8,0,0
BRDA:112,8,1,0
BRDA:132,9,0,1
BRDA:132,9,1,2
BRDA:146,10,0,1
BRDA:146,10,1,1
BRDA:162,11,0,1
BRDA:162,11,1,0
BRDA:166,12,0,1
BRDA:166,12,1,0
BRDA:183,13,0,1
BRDA:183,13,1,1
BRDA:215,14,0,2
BRDA:215,14,1,1
BRDA:215,15,0,3
BRDA:215,15,1,2
BRDA:248,16,0,1
BRDA:248,16,1,2
BRDA:254,17,0,1
BRDA:254,17,1,1
BRF:36
BRH:24
end_of_record
TN:
SF:controllers\langgraph.js
FN:26,(anonymous_0)
FN:49,(anonymous_1)
FN:85,(anonymous_2)
FN:93,(anonymous_3)
FN:112,(anonymous_4)
FN:129,(anonymous_5)
FN:145,(anonymous_6)
FN:167,(anonymous_7)
FN:185,(anonymous_8)
FN:186,(anonymous_9)
FN:187,(anonymous_10)
FN:188,(anonymous_11)
FN:189,(anonymous_12)
FN:204,(anonymous_13)
FNF:14
FNH:0
FNDA:0,(anonymous_0)
FNDA:0,(anonymous_1)
FNDA:0,(anonymous_2)
FNDA:0,(anonymous_3)
FNDA:0,(anonymous_4)
FNDA:0,(anonymous_5)
FNDA:0,(anonymous_6)
FNDA:0,(anonymous_7)
FNDA:0,(anonymous_8)
FNDA:0,(anonymous_9)
FNDA:0,(anonymous_10)
FNDA:0,(anonymous_11)
FNDA:0,(anonymous_12)
FNDA:0,(anonymous_13)
DA:10,0
DA:12,0
DA:18,0
DA:24,0
DA:26,0
DA:27,0
DA:28,0
DA:42,0
DA:43,0
DA:45,0
DA:49,0
DA:50,0
DA:52,0
DA:54,0
DA:55,0
DA:57,0
DA:58,0
DA:60,0
DA:61,0
DA:63,0
DA:64,0
DA:66,0
DA:67,0
DA:69,0
DA:70,0
DA:73,0
DA:74,0
DA:75,0
DA:78,0
DA:80,0
DA:82,0
DA:85,0
DA:87,0
DA:89,0
DA:93,0
DA:94,0
DA:95,0
DA:103,0
DA:104,0
DA:105,0
DA:107,0
DA:109,0
DA:112,0
DA:113,0
DA:114,0
DA:122,0
DA:123,0
DA:125,0
DA:129,0
DA:130,0
DA:131,0
DA:138,0
DA:139,0
DA:141,0
DA:145,0
DA:146,0
DA:147,0
DA:160,0
DA:161,0
DA:163,0
DA:167,0
DA:168,0
DA:179,0
DA:180,0
DA:183,0
DA:185,0
DA:186,0
DA:187,0
DA:188,0
DA:189,0
DA:193,0
DA:194,0
DA:195,0
DA:196,0
DA:197,0
DA:198,0
DA:199,0
DA:201,0
DA:202,0
DA:204,0
DA:205,0
DA:212,0
DA:215,0
DA:216,0
DA:217,0
DA:218,0
DA:219,0
DA:221,0
LF:88
LH:0
BRDA:52,0,0,0
BRDA:52,0,1,0
BRDA:52,0,2,0
BRDA:52,0,3,0
BRDA:52,0,4,0
BRDA:52,0,5,0
BRDA:74,1,0,0
BRDA:74,1,1,0
BRDA:80,2,0,0
BRDA:80,2,1,0
BRDA:85,3,0,0
BRDA:85,3,1,0
BRDA:185,4,0,0
BRDA:185,4,1,0
BRDA:186,5,0,0
BRDA:186,5,1,0
BRDA:187,6,0,0
BRDA:187,6,1,0
BRDA:188,7,0,0
BRDA:188,7,1,0
BRDA:189,8,0,0
BRDA:189,8,1,0
BRDA:212,9,0,0
BRDA:212,9,1,0
BRF:24
BRH:0
end_of_record
TN:
SF:controllers\userController.js
FN:3,(anonymous_0)
FN:20,(anonymous_1)
FN:31,(anonymous_2)
FN:49,(anonymous_3)
FNF:4
FNH:0
FNDA:0,(anonymous_0)
FNDA:0,(anonymous_1)
FNDA:0,(anonymous_2)
FNDA:0,(anonymous_3)
DA:3,0
DA:4,0
DA:5,0
DA:6,0
DA:7,0
DA:12,0
DA:14,0
DA:16,0
DA:17,0
DA:20,0
DA:21,0
DA:23,0
DA:25,0
DA:27,0
DA:28,0
DA:31,0
DA:32,0
DA:33,0
DA:34,0
DA:35,0
DA:36,0
DA:38,0
DA:39,0
DA:43,0
DA:44,0
DA:48,0
DA:49,0
DA:50,0
DA:52,0
DA:53,0
DA:56,0
DA:58,0
DA:60,0
DA:62,0
DA:63,0
LF:35
LH:0
BRDA:6,0,0,0
BRDA:6,0,1,0
BRDA:38,1,0,0
BRDA:38,1,1,0
BRDA:48,2,0,0
BRDA:48,2,1,0
BRF:6
BRH:0
end_of_record
TN:
SF:middleware\auth.js
FN:3,(anonymous_0)
FNF:1
FNH:1
FNDA:13,(anonymous_0)
DA:3,1
DA:4,13
DA:5,13
DA:7,13
DA:9,13
DA:11,13
DA:12,0
DA:17,13
DA:18,0
DA:20,13
DA:25,13
DA:28,13
DA:29,13
DA:31,0
DA:32,0
LF:15
LH:11
BRDA:11,0,0,0
BRDA:11,0,1,13
BRDA:17,1,0,0
BRDA:17,1,1,13
BRDA:17,2,0,13
BRDA:17,2,1,13
BRDA:28,3,0,0
BRDA:28,3,1,13
BRF:8
BRH:5
end_of_record
TN:
SF:routes\aiRoutes.js
FNF:0
FNH:0
DA:13,1
DA:15,1
DA:16,1
DA:17,1
DA:18,1
DA:24,1
DA:30,1
LF:7
LH:7
BRF:0
BRH:0
end_of_record
TN:
SF:routes\userRoutes.js
FNF:0
FNH:0
DA:9,0
DA:11,0
DA:12,0
DA:13,0
LF:4
LH:0
BRF:0
BRH:0
end_of_record
